<?xml version="1.0" encoding="UTF-8"?>
<!-- Generated by org.testng.reporters.JUnitReportReporter -->
<testsuite hostname="ELECEED" failures="0" tests="1" name="myTests.PerformActionUingActionCLass" time="4.920" errors="0" timestamp="2024-05-13T20:37:34 IST" skipped="0">
  <testcase classname="myTests.PerformActionUingActionCLass" name="rightClickTest" time="4.920"/>
</testsuite> <!-- myTests.PerformActionUingActionCLass -->
