<?xml version="1.0" encoding="UTF-8"?>
<!-- Generated by org.testng.reporters.JUnitReportReporter -->
<testsuite hostname="ELECEED" failures="0" tests="2" name="myTests.DataProviderTests" time="18.065" errors="0" timestamp="2024-06-02T01:11:25 IST" skipped="0">
  <testcase classname="myTests.DataProviderTests" name="test1" time="11.466"/>
  <testcase classname="myTests.DataProviderTests" name="test1" time="6.599"/>
</testsuite> <!-- myTests.DataProviderTests -->
