<?xml version="1.0" encoding="UTF-8"?>
<!-- Generated by org.testng.reporters.JUnitReportReporter -->
<testsuite hostname="ELECEED" failures="0" tests="1" name="myTests.TestSelectOptions" time="6.114" errors="0" timestamp="2024-05-31T22:02:51 IST" skipped="0">
  <testcase classname="myTests.TestSelectOptions" name="select_multi_dropdon" time="6.114"/>
</testsuite> <!-- myTests.TestSelectOptions -->
