<?xml version="1.0" encoding="UTF-8"?>
<!-- Generated by org.testng.reporters.JUnitReportReporter -->
<testsuite hostname="ELECEED" failures="0" tests="3" name="myTests.LoginWithMultipleDataSets" time="0.011" errors="0" timestamp="2024-05-29T12:07:37 IST" skipped="0">
  <testcase classname="myTests.LoginWithMultipleDataSets" name="testLogin" time="0.001"/>
  <testcase classname="myTests.LoginWithMultipleDataSets" name="testLogin" time="0.002"/>
  <testcase classname="myTests.LoginWithMultipleDataSets" name="testLogin" time="0.008"/>
</testsuite> <!-- myTests.LoginWithMultipleDataSets -->
