<?xml version="1.0" encoding="UTF-8"?>
<!-- Generated by org.testng.reporters.JUnitReportReporter -->
<testsuite hostname="ELECEED" failures="0" tests="1" name="myTests.EnodeAndDecodeTest" time="0.022" errors="0" timestamp="2024-06-02T12:09:41 IST" skipped="0">
  <testcase classname="myTests.EnodeAndDecodeTest" name="encodeDecode" time="0.022"/>
</testsuite> <!-- myTests.EnodeAndDecodeTest -->
