<?xml version="1.0" encoding="UTF-8"?>
<!-- Generated by org.testng.reporters.JUnitReportReporter -->
<testsuite hostname="ELECEED" failures="0" tests="5" name="myTests.FirstClass" time="310.721" errors="0" timestamp="2024-05-15T01:18:05 IST" skipped="0">
  <testcase classname="myTests.FirstClass" name="titleVerifyTest" time="3.371"/>
  <testcase classname="myTests.FirstClass" name="isSearchExist" time="1.505"/>
  <testcase classname="myTests.FirstClass" name="openExistingNotepadAndReadData" time="1.167"/>
  <testcase classname="myTests.FirstClass" name="openNotepadApp" time="2.232"/>
  <testcase classname="myTests.FirstClass" name="fileDownloadTest" time="302.446"/>
</testsuite> <!-- myTests.FirstClass -->
