<?xml version="1.0" encoding="UTF-8"?>
<!-- Generated by org.testng.reporters.JUnitReportReporter -->
<testsuite hostname="ELECEED" failures="0" tests="3" name="myTests.TestNgAnnoTest" time="0.016" errors="0" timestamp="2024-06-01T21:56:44 IST" skipped="0">
  <testcase classname="myTests.TestNgAnnoTest" name="m5" time="0.000"/>
  <testcase classname="myTests.TestNgAnnoTest" name="m7" time="0.016"/>
  <testcase classname="myTests.TestNgAnnoTest" name="m6" time="0.000"/>
</testsuite> <!-- myTests.TestNgAnnoTest -->
