<?xml version="1.0" encoding="UTF-8"?>
<!-- Generated by org.testng.reporters.JUnitReportReporter -->
<testsuite hostname="ELECEED" failures="0" tests="5" name="myTests.ListOfTestCases" time="308.634" errors="0" timestamp="2024-05-28T19:42:59 IST" skipped="0">
  <testcase classname="myTests.ListOfTestCases" name="titleVerifyTest" time="1.662"/>
  <testcase classname="myTests.ListOfTestCases" name="openExistingNotepadAndReadData" time="2.019"/>
  <testcase classname="myTests.ListOfTestCases" name="isSearchExist" time="1.596"/>
  <testcase classname="myTests.ListOfTestCases" name="openNotepadApp" time="1.484"/>
  <testcase classname="myTests.ListOfTestCases" name="fileDownloadTest" time="301.873"/>
</testsuite> <!-- myTests.ListOfTestCases -->
